/Users/pavanreddy/OutfitAI copy/backend/venv/lib/python3.9/site-packages/google/api_core/_python_version_support.py:237: FutureWarning: You are using a non-supported Python version (3.9.6). Google will not post any further updates to google.api_core supporting this Python version. Please upgrade to the latest Python version, or at least Python 3.10, and then update google.api_core.
  warnings.warn(message, FutureWarning)
/Users/pavanreddy/OutfitAI copy/backend/venv/lib/python3.9/site-packages/urllib3/__init__.py:35: NotOpenSSLWarning: urllib3 v2 only supports OpenSSL 1.1.1+, currently the 'ssl' module is compiled with 'LibreSSL 2.8.3'. See: https://github.com/urllib3/urllib3/issues/3020
  warnings.warn(
An error occurred: module 'importlib.metadata' has no attribute 'packages_distributions'
2026-02-24 18:05:38,883 - INFO - Starting Outfit AI API...
2026-02-24 18:05:38,885 - INFO - Database tables initialized
2026-02-24 18:05:38,886 - INFO - CORS configured for origins: ['*']
INFO:     Started server process [3012]
INFO:     Waiting for application startup.
INFO:     Application startup complete.
INFO:     Uvicorn running on http://0.0.0.0:8000 (Press CTRL+C to quit)

[AI Service] Generating outfits for: It is soo cold outside
[AI Service] Available items count: 104
[AI Service] Item IDs available: [1, 2, 3, 4, 5, 6, 7, 8, 9, 10, 11, 12, 13, 14, 15, 16, 17, 18, 19, 20, 21, 22, 23, 24, 25, 26, 27, 29, 30, 31, 32, 33, 34, 35, 36, 37, 38, 39, 40, 41, 42, 43, 44, 45, 46, 47, 48, 49, 50, 51, 52, 53, 54, 55, 56, 57, 58, 59, 60, 61, 62, 63, 64, 65, 66, 67, 68, 69, 70, 71, 72, 73, 74, 75, 76, 77, 79, 80, 81, 83, 84, 86, 87, 88, 89, 90, 91, 92, 93, 94, 95, 96, 97, 98, 99, 100, 101, 102, 103, 104, 105, 106, 107, 108]

[AI Service] Generated outfit suggestions for occasion: It is soo cold outside
[AI Service] Number of available items: 104
[AI Service] Underused items provided: 10
[AI Service] Recent combinations to avoid: 9
[AI Service] AI Response: [
  {
    "outfit_name": "Urban Expedition",
    "description": "This ensemble masters the art of elevated casual for extreme cold. The rich olive green shirt (ID 1), a sophisticated twist on a neutral, serves as a warm, inviting base. Layered with a sleek black jacket (ID 74), it provides both insulation and sharp structure. Black Levi's (ID 3) ground the look with an edgy, timeless feel, ensuring comfort and durability against the elements. Black shoes (ID 94) maintain a cohesive, streamlined ...
[AI Service] Outfit 'Urban Expedition' item_ids: [1, 74, 3, 94, 108]
[AI Service] ❌ Invalid outfit: Urban Expedition - Missing required pieces: bottom
[AI Service] Outfit 'Modern Winter Noir' item_ids: [8, 4, 29, 95, 99]
[AI Service] ✅ Valid outfit: Modern Winter Noir (score: 72.8)
[AI Service] Outfit 'Charcoal Comfort' item_ids: [10, 7, 62, 96, 97]
[AI Service] ✅ Valid outfit: Charcoal Comfort (score: 72.8)
INFO:     192.168.1.5:63260 - "PUT /api/outfits/13/regenerate HTTP/1.1" 200 OK
INFO:     192.168.1.5:63260 - "GET /uploads/1_20251118_024125.jpg HTTP/1.1" 200 OK
INFO:     192.168.1.5:63261 - "GET /uploads/1_20251118_024138.jpg HTTP/1.1" 200 OK
[Auth] User 1 authenticated successfully
INFO:     192.168.1.5:63263 - "GET /api/clothing/items?page_size=500 HTTP/1.1" 200 OK
INFO:     192.168.1.5:63264 - "GET /api/favorites/?page_size=500 HTTP/1.1" 200 OK
INFO:     192.168.1.5:63262 - "GET /api/outfits/?page_size=500 HTTP/1.1" 200 OK
[Auth] User 1 authenticated successfully
INFO:     192.168.1.5:63262 - "GET /api/clothing/items?page_size=500 HTTP/1.1" 200 OK

[AI Service] Generating outfits for: casual
[AI Service] Available items count: 104
[AI Service] Item IDs available: [1, 2, 3, 4, 5, 6, 7, 8, 9, 10, 11, 12, 13, 14, 15, 16, 17, 18, 19, 20, 21, 22, 23, 24, 25, 26, 27, 29, 30, 31, 32, 33, 34, 35, 36, 37, 38, 39, 40, 41, 42, 43, 44, 45, 46, 47, 48, 49, 50, 51, 52, 53, 54, 55, 56, 57, 58, 59, 60, 61, 62, 63, 64, 65, 66, 67, 68, 69, 70, 71, 72, 73, 74, 75, 76, 77, 79, 80, 81, 83, 84, 86, 87, 88, 89, 90, 91, 92, 93, 94, 95, 96, 97, 98, 99, 100, 101, 102, 103, 104, 105, 106, 107, 108]

[AI Service] Generated outfit suggestions for occasion: casual
[AI Service] Number of available items: 104
[AI Service] Underused items provided: 10
[AI Service] Recent combinations to avoid: 11
[AI Service] AI Response: ```json
[
  {
    "outfit_name": "Urban Olive Ease",
    "description": "This outfit creates an effortlessly cool, everyday look. The olive green shirt, our focal point, offers a versatile, earthy neutral that pairs beautifully with the sharp contrast of black Levi's. The silver jewelry adds a subtle metallic gleam, elevating the casual foundation without overpowering it. This combination is classic, comfortable, and exudes understated confidence, perfect for a casual day out.",
    "item_ids": ...
[AI Service] ❌ Invalid outfit: Urban Olive Ease - Missing required pieces: bottom
INFO:     192.168.1.5:63265 - "POST /api/outfits/generate?preview_only=true HTTP/1.1" 200 OK
